#
# There is insufficient memory for the Java Runtime Environment to continue.
# Native memory allocation (mmap) failed to map 264241152 bytes for G1 virtual space
# Possible reasons:
#   The system is out of physical RAM or swap space
#   The process is running with CompressedOops enabled, and the Java Heap may be blocking the growth of the native heap
# Possible solutions:
#   Reduce memory load on the system
#   Increase physical memory or swap space
#   Check if swap backing store is full
#   Decrease Java heap size (-Xmx/-Xms)
#   Decrease number of Java threads
#   Decrease Java thread stack sizes (-Xss)
#   Set larger code cache with -XX:ReservedCodeCacheSize=
#   JVM is running with Zero Based Compressed Oops mode in which the Java heap is
#     placed in the first 32GB address space. The Java Heap base address is the
#     maximum limit for the native heap growth. Please use -XX:HeapBaseMinAddress
#     to set the Java Heap base and to place the Java Heap above 32GB virtual address.
# This output file may be truncated or incomplete.
#
#  Out of Memory Error (os_windows.cpp:3548), pid=3488, tid=31380
#
# JRE version:  (17.0.11+7) (build )
# Java VM: Java HotSpot(TM) 64-Bit Server VM (17.0.11+7-LTS-207, mixed mode, sharing, tiered, compressed oops, compressed class ptrs, g1 gc, windows-amd64)
# No core dump will be written. Minidumps are not enabled by default on client versions of Windows
#

---------------  S U M M A R Y ------------

Command Line: --add-modules=ALL-DEFAULT jdk.compiler/com.sun.tools.javac.launcher.Main src\main\java\fp\dam\psp\EvPrimera\Tema1\ActividadesEntrega\Actividad3\A\Ejecutar.java Arriba chuta la victoria es tuya, inazuma campeon

Host: 13th Gen Intel(R) Core(TM) i5-1335U, 12 cores, 15G,  Windows 11 , 64 bit Build 22621 (10.0.22621.3958)
Time: Mon Sep 23 23:25:29 2024 Hora de verano romance elapsed time: 0.013747 seconds (0d 0h 0m 0s)

---------------  T H R E A D  ---------------

Current thread (0x0000021adf3e9f90):  JavaThread "Unknown thread" [_thread_in_vm, id=31380, stack(0x000000f058200000,0x000000f058300000)]

Stack: [0x000000f058200000,0x000000f058300000]
Native frames: (J=compiled Java code, j=interpreted, Vv=VM code, C=native code)
V  [jvm.dll+0x679cca]
V  [jvm.dll+0x7da13d]
V  [jvm.dll+0x7dba83]
V  [jvm.dll+0x7dc0f3]
V  [jvm.dll+0x2449af]
V  [jvm.dll+0x676ce9]
V  [jvm.dll+0x66b852]
V  [jvm.dll+0x3018d6]
V  [jvm.dll+0x308e76]
V  [jvm.dll+0x3596ee]
V  [jvm.dll+0x35991f]
V  [jvm.dll+0x2d89a8]
V  [jvm.dll+0x2d9914]
V  [jvm.dll+0x7ac6b1]
V  [jvm.dll+0x366f61]
V  [jvm.dll+0x78b609]
V  [jvm.dll+0x3ec22f]
V  [jvm.dll+0x3ede61]
C  [jli.dll+0x5297]
C  [ucrtbase.dll+0x29333]
C  [KERNEL32.DLL+0x1257d]
C  [ntdll.dll+0x5af28]


---------------  P R O C E S S  ---------------

Threads class SMR info:
_java_thread_list=0x00007fffdc587a18, length=0, elements={
}

Java Threads: ( => current thread )

Other Threads:
  0x0000021ae15fec50 GCTaskThread "GC Thread#0" [stack: 0x000000f058300000,0x000000f058400000] [id=9968]
  0x0000021ae1610f40 ConcurrentGCThread "G1 Main Marker" [stack: 0x000000f058400000,0x000000f058500000] [id=31624]
  0x0000021ae16120f0 ConcurrentGCThread "G1 Conc#0" [stack: 0x000000f058500000,0x000000f058600000] [id=31620]

[error occurred during error reporting (printing all threads), id 0xc0000005, EXCEPTION_ACCESS_VIOLATION (0xc0000005) at pc=0x00007fffdbdb9497]

VM state: not at safepoint (not fully initialized)

VM Mutex/Monitor currently owned by a thread:  ([mutex/lock_event])
[0x0000021ae1592d70] Heap_lock - owner thread: 0x0000021adf3e9f90

Heap address: 0x0000000704800000, size: 4024 MB, Compressed Oops mode: Zero based, Oop shift amount: 3

CDS archive(s) mapped at: [0x0000000000000000-0x0000000000000000-0x0000000000000000), size 0, SharedBaseAddress: 0x0000000800000000, ArchiveRelocationMode: 1.
Narrow klass base: 0x0000000000000000, Narrow klass shift: 0, Narrow klass range: 0x0

GC Precious Log:
<Empty>

Heap:
 garbage-first heap   total 0K, used 0K [0x0000000704800000, 0x0000000800000000)
  region size 2048K, 0 young (0K), 0 survivors (0K)

[error occurred during error reporting (printing heap information), id 0xc0000005, EXCEPTION_ACCESS_VIOLATION (0xc0000005) at pc=0x00007fffdc1a3559]

GC Heap History (0 events):
No events

Deoptimization events (0 events):
No events

Classes unloaded (0 events):
No events

Classes redefined (0 events):
No events

Internal exceptions (0 events):
No events

VM Operations (0 events):
No events

Events (1 events):
Event: 0.008 Loaded shared library C:\Program Files\Java\jdk-17\bin\java.dll


Dynamic libraries:
0x00007ff649170000 - 0x00007ff649180000 	C:\Program Files\Java\jdk-17\bin\java.exe
0x00007ff8a19d0000 - 0x00007ff8a1be7000 	C:\windows\SYSTEM32\ntdll.dll
0x00007ff8a0b10000 - 0x00007ff8a0bd4000 	C:\windows\System32\KERNEL32.DLL
0x00007ff89f350000 - 0x00007ff89f6fd000 	C:\windows\System32\KERNELBASE.dll
0x00007ff89ed90000 - 0x00007ff89eea1000 	C:\windows\System32\ucrtbase.dll
0x00007ff884ba0000 - 0x00007ff884bbb000 	C:\Program Files\Java\jdk-17\bin\VCRUNTIME140.dll
0x00007ff884b80000 - 0x00007ff884b99000 	C:\Program Files\Java\jdk-17\bin\jli.dll
0x00007ff8a0a50000 - 0x00007ff8a0b02000 	C:\windows\System32\ADVAPI32.dll
0x00007ff89f7b0000 - 0x00007ff89f857000 	C:\windows\System32\msvcrt.dll
0x00007ff89f700000 - 0x00007ff89f7a9000 	C:\windows\System32\sechost.dll
0x00007ff89f130000 - 0x00007ff89f158000 	C:\windows\System32\bcrypt.dll
0x00007ff8a14e0000 - 0x00007ff8a15f4000 	C:\windows\System32\RPCRT4.dll
0x00007ff8a1260000 - 0x00007ff8a140e000 	C:\windows\System32\USER32.dll
0x00007ff89ef20000 - 0x00007ff89ef46000 	C:\windows\System32\win32u.dll
0x00007ff8a1860000 - 0x00007ff8a1889000 	C:\windows\System32\GDI32.dll
0x00007ff89ef50000 - 0x00007ff89f069000 	C:\windows\System32\gdi32full.dll
0x00007ff89ecf0000 - 0x00007ff89ed8a000 	C:\windows\System32\msvcp_win.dll
0x00007ff8902b0000 - 0x00007ff890543000 	C:\windows\WinSxS\amd64_microsoft.windows.common-controls_6595b64144ccf1df_6.0.22621.3672_none_2713b9d173822955\COMCTL32.dll
0x00007ff888e40000 - 0x00007ff888e4a000 	C:\windows\SYSTEM32\VERSION.dll
0x00007ff8a14a0000 - 0x00007ff8a14d1000 	C:\windows\System32\IMM32.DLL
0x00007ff893330000 - 0x00007ff89333c000 	C:\Program Files\Java\jdk-17\bin\vcruntime140_1.dll
0x00007ff84f200000 - 0x00007ff84f28e000 	C:\Program Files\Java\jdk-17\bin\msvcp140.dll
0x00007fffdbad0000 - 0x00007fffdc6b0000 	C:\Program Files\Java\jdk-17\bin\server\jvm.dll
0x00007ff8a0a40000 - 0x00007ff8a0a48000 	C:\windows\System32\PSAPI.DLL
0x00007ff884b70000 - 0x00007ff884b79000 	C:\windows\SYSTEM32\WSOCK32.dll
0x00007ff8a1070000 - 0x00007ff8a10e1000 	C:\windows\System32\WS2_32.dll
0x00007ff893eb0000 - 0x00007ff893ee4000 	C:\windows\SYSTEM32\WINMM.dll
0x00007ff89dd00000 - 0x00007ff89dd18000 	C:\windows\SYSTEM32\kernel.appcore.dll
0x00007ff8819b0000 - 0x00007ff8819ba000 	C:\Program Files\Java\jdk-17\bin\jimage.dll
0x00007ff89c360000 - 0x00007ff89c592000 	C:\windows\SYSTEM32\DBGHELP.DLL
0x00007ff8a0520000 - 0x00007ff8a08ae000 	C:\windows\System32\combase.dll
0x00007ff8a00d0000 - 0x00007ff8a01a7000 	C:\windows\System32\OLEAUT32.dll
0x00007ff888ad0000 - 0x00007ff888b02000 	C:\windows\SYSTEM32\dbgcore.DLL
0x00007ff89f160000 - 0x00007ff89f1db000 	C:\windows\System32\bcryptPrimitives.dll
0x00007ff857a90000 - 0x00007ff857ab5000 	C:\Program Files\Java\jdk-17\bin\java.dll

dbghelp: loaded successfully - version: 4.0.5 - missing functions: none
symbol engine: initialized successfully - sym options: 0x614 - pdb path: .;C:\Program Files\Java\jdk-17\bin;C:\windows\SYSTEM32;C:\windows\WinSxS\amd64_microsoft.windows.common-controls_6595b64144ccf1df_6.0.22621.3672_none_2713b9d173822955;C:\Program Files\Java\jdk-17\bin\server

VM Arguments:
jvm_args: --add-modules=ALL-DEFAULT 
java_command: jdk.compiler/com.sun.tools.javac.launcher.Main src\main\java\fp\dam\psp\EvPrimera\Tema1\ActividadesEntrega\Actividad3\A\Ejecutar.java Arriba chuta la victoria es tuya, inazuma campeon
java_class_path (initial): .
Launcher Type: SUN_STANDARD

[Global flags]
     intx CICompilerCount                          = 4                                         {product} {ergonomic}
     uint ConcGCThreads                            = 3                                         {product} {ergonomic}
     uint G1ConcRefinementThreads                  = 10                                        {product} {ergonomic}
   size_t G1HeapRegionSize                         = 2097152                                   {product} {ergonomic}
    uintx GCDrainStackTargetSize                   = 64                                        {product} {ergonomic}
   size_t InitialHeapSize                          = 264241152                                 {product} {ergonomic}
   size_t MarkStackSize                            = 4194304                                   {product} {ergonomic}
   size_t MaxHeapSize                              = 4219469824                                {product} {ergonomic}
   size_t MinHeapDeltaBytes                        = 2097152                                   {product} {ergonomic}
   size_t MinHeapSize                              = 8388608                                   {product} {ergonomic}
    uintx NonNMethodCodeHeapSize                   = 5839372                                {pd product} {ergonomic}
    uintx NonProfiledCodeHeapSize                  = 122909434                              {pd product} {ergonomic}
    uintx ProfiledCodeHeapSize                     = 122909434                              {pd product} {ergonomic}
    uintx ReservedCodeCacheSize                    = 251658240                              {pd product} {ergonomic}
     bool SegmentedCodeCache                       = true                                      {product} {ergonomic}
   size_t SoftMaxHeapSize                          = 4219469824                             {manageable} {ergonomic}
     bool UseCompressedClassPointers               = true                           {product lp64_product} {ergonomic}
     bool UseCompressedOops                        = true                           {product lp64_product} {ergonomic}
     bool UseG1GC                                  = true                                      {product} {ergonomic}
     bool UseLargePagesIndividualAllocation        = false                                  {pd product} {ergonomic}

Logging:
Log output configuration:
 #0: stdout all=warning uptime,level,tags
 #1: stderr all=off uptime,level,tags

Environment Variables:
JAVA_HOME=C:\Program Files\Java\jdk-17
PATH=C:\Program Files\WindowsApps\Microsoft.PowerShell_7.4.5.0_x64__8wekyb3d8bbwe;C:\Program Files\Common Files\Oracle\Java\javapath;C:\Program Files\Eclipse Adoptium\jdk-17.0.10.7-hotspot\bin;C:\windows\system32;C:\windows;C:\windows\System32\Wbem;C:\windows\System32\WindowsPowerShell\v1.0\;C:\windows\System32\OpenSSH\;C:\Program Files\nodejs\;C:\Program Files\Git\cmd;C:\Program Files\dotnet\;D:\Programas\mongosh-2.2.15-win32-x64\bin;C:\Users\nzjha\AppData\Local\Programs\Python\Python312\Scripts\;C:\Users\nzjha\AppData\Local\Programs\Python\Python312\;C:\Users\nzjha\.console-ninja\.bin;C:\Users\nzjha\AppData\Local\Microsoft\WindowsApps;C:\Users\nzjha\AppData\Roaming\npm;C:\Users\nzjha\AppData\Local\Programs\Microsoft VS Code\bin;C:\Users\nzjha\.dotnet\tools;C:\Users\nzjha\AppData\Local\Programs\oh-my-posh\bin
USERNAME=nzjha
LANG=es_ES.UTF-8
OS=Windows_NT
PROCESSOR_IDENTIFIER=Intel64 Family 6 Model 186 Stepping 3, GenuineIntel



---------------  S Y S T E M  ---------------

OS:
 Windows 11 , 64 bit Build 22621 (10.0.22621.3958)
OS uptime: 0 days 8:59 hours
Hyper-V role detected

CPU: total 12 (initial active 12) (6 cores per cpu, 2 threads per core) family 6 model 186 stepping 3 microcode 0x4121, cx8, cmov, fxsr, ht, mmx, 3dnowpref, sse, sse2, sse3, ssse3, sse4.1, sse4.2, popcnt, lzcnt, tsc, tscinvbit, avx, avx2, aes, erms, clmul, bmi1, bmi2, adx, sha, fma, vzeroupper, clflush, clflushopt, clwb, hv

Memory: 4k page, system-wide physical 16095M (455M free)
TotalPageFile size 65200M (AvailPageFile size 108M)
current process WorkingSet (physical memory assigned to process): 11M, peak: 11M
current process commit charge ("private bytes"): 64M, peak: 316M

vm_info: Java HotSpot(TM) 64-Bit Server VM (17.0.11+7-LTS-207) for windows-amd64 JRE (17.0.11+7-LTS-207), built on Mar 11 2024 19:01:50 by "mach5one" with MS VC++ 17.6 (VS2022)

END.
